  UnitTest1.cpp
D:\Політех\Програмування та командна робота\Lab_6.4\Lab_6.4(Iterative method)\UnitTest1\UnitTest1.cpp(34,1): error C2059: syntax error: '}'
D:\Політех\Програмування та командна робота\Lab_6.4\Lab_6.4(Iterative method)\UnitTest1\UnitTest1.cpp(34,1): error C2143: syntax error: missing ';' before '}'
